Using base prefix '/usr/local/easybuild-2019/easybuild/software/compiler/gcccore/8.3.0/python/3.7.4'
New python executable in /home/lachen1/venvs/venv-3.7.4/bin/python
Installing setuptools, pip, wheel...
done.
Rank           Author Id  Numbers of Tweets Made
  #1 1089023364973219840                   28127
  #2  826332877457481728                   27581
  #3 1250331934242123776                   25263
  #4 1423662808311287813                   21030
  #5 1183144981252280322                   20651
  #6  820431428835885059                   20063
  #7 1270672820792508417                   19801
  #8           233782487                   18179
  #9            84958532                   15676
 #10  719139700318081024                   15314
     Greater Capital City  Numbers of Tweets Made
2gmel (Greater Melbourne)                 2267051
   1gsyd (Greater Sydney)                 2114698
 3gbri (Greater Brisbane)                  855448
    5gper (Greater Perth)                  589204
 4gade (Greater Adelaide)                  449292
 8acte (Greater Canberra)                  194360
   6ghob (Greater Hobart)                   89970
   7gdar (Greater Darwin)                   46376
Rank           Author Id                                                    Number of Unique City Locations and #Tweets
  #1 1089023364973219840         8 (#1908 tweets - #10gsyd, #1868gmel, #6gbri, #2gade, #7gper, #1ghob, #1gdar, #13acte)
  #2  826332877457481728       8 (#1189 tweets - #1041gsyd, #60gmel, #40gbri, #3gade, #7gper, #11ghob, #4gdar, #23acte)
  #3 1250331934242123776 8 (#1121 tweets - #288gsyd, #246gmel, #219gbri, #113gade, #152gper, #39ghob, #20gdar, #44acte)
  #4 1423662808311287813       8 (#390 tweets - #108gsyd, #84gmel, #64gbri, #28gade, #52gper, #15ghob, #5gdar, #34acte)
  #5 1183144981252280322           8 (#260 tweets - #12gsyd, #36gmel, #1gbri, #9gade, #1gper, #2ghob, #193gdar, #6acte)
  #6  820431428835885059            8 (#250 tweets - #2gsyd, #214gmel, #8gbri, #4gade, #3gper, #8ghob, #1gdar, #10acte)
  #7 1270672820792508417          8 (#198 tweets - #46gsyd, #56gmel, #37gbri, #20gade, #28gper, #4ghob, #1gdar, #6acte)
  #8           233782487         8 (#146 tweets - #44gsyd, #39gmel, #11gbri, #19gade, #14gper, #8ghob, #1gdar, #10acte)
  #9            84958532             8 (#80 tweets - #13gsyd, #16gmel, #32gbri, #3gade, #4gper, #5ghob, #3gdar, #4acte)
 #10  719139700318081024          7 (#2584 tweets - #403gsyd, #1547gmel, #91gbri, #47gade, #186gper, #84ghob, #226acte)
332.3487424850464
Job ID           : 46023803
Cluster          : spartan
User/Project     : lachen1/comp90024
Nodes            : 2
Wall-clock time  : 00:06:01 / 00:15:00

Displaying overall resources usage from 2023-04-03 17:06:00 to 2023-04-03 17:12:01:

NODE            CPU#        TOT%   ( USR   / SYS   / WIO   / IDLE  ) 

spartan-bm025 : 
                CPU# 1    : 91.7   (  87.6 /   4.1 /   1.3 /   7.1 ) 
                CPU# 2    : 93.0   (  88.7 /   4.3 /   1.3 /   5.7 ) 
                CPU# 3    : 92.0   (  88.3 /   3.8 /   1.3 /   6.7 ) 
                CPU# 4    : 94.2   (  90.1 /   4.1 /   1.5 /   4.3 ) 

spartan-bm108 : 
                CPU# 5    : 90.9   (  87.0 /   3.9 /   0.0 /   9.1 ) 
                CPU# 6    : 91.2   (  87.2 /   4.0 /   0.0 /   8.8 ) 
                CPU# 7    : 90.6   (  86.5 /   4.0 /   0.0 /   9.4 ) 
                CPU# 8    : 86.9   (  83.0 /   4.0 /   0.0 /  13.1 ) 


Allocated CPUs            : 8    
  CPUs with usage <25%    : 0    
  CPUs with usage <50%    : 0    
  CPUs with usage >50%    : 8    

Memory used (RAM)         : 1.9%  [597MB of 32000MB]

--------------------------------------------

